<?xml version="1.0" encoding="UTF-8"?>
<testng-results skipped="0" failed="0" ignored="0" total="1" passed="1">
  <reporter-output>
  </reporter-output>
  <suite name="Default suite" duration-ms="11408" started-at="2018-12-07T00:11:26Z" finished-at="2018-12-07T00:11:37Z">
    <groups>
    </groups>
    <test name="Default test" duration-ms="11408" started-at="2018-12-07T00:11:26Z" finished-at="2018-12-07T00:11:37Z">
      <class name="RestAPI.Testing.users.JsonPath_GOT">
        <test-method status="PASS" signature="testJsonPath()[pri:0, instance:RestAPI.Testing.users.JsonPath_GOT@29ee9faa]" name="testJsonPath" duration-ms="11330" started-at="2018-12-07T00:11:26Z" finished-at="2018-12-07T00:11:37Z">
          <reporter-output>
          </reporter-output>
        </test-method> <!-- testJsonPath -->
      </class> <!-- RestAPI.Testing.users.JsonPath_GOT -->
    </test> <!-- Default test -->
  </suite> <!-- Default suite -->
</testng-results>
